# JRE version: Java(TM) SE Runtime Environment (21.0.1+12) (build 21.0.1+12-LTS-29)
# Java VM: Java HotSpot(TM) 64-Bit Server VM (21.0.1+12-LTS-29, mixed mode, sharing, tiered, compressed oops, compressed class ptrs, g1 gc, linux-amd64)
GC Precious Log:
 CardTable entry size: 512
 Card Set container configuration: InlinePtr #cards 5 size 8 Array Of Cards #cards 12 size 40 Howl #buckets 4 coarsen threshold 1843 Howl Bitmap #cards 512 size 80 coarsen threshold 460 Card regions per heap region 1 cards per card region 2048
 CPUs: 4 total, 4 available
 Memory: 5808M
 Large Page Support: Disabled
 NUMA Support: Disabled
 Compressed Oops: Enabled (32-bit)
 Heap Region Size: 1M
 Heap Min Capacity: 8M
 Heap Initial Capacity: 92M
 Heap Max Capacity: 1454M
 Pre-touch: Disabled
 Parallel Workers: 4
 Concurrent Workers: 1
 Concurrent Refinement Workers: 4
 Periodic GC: Disabled
Heap:
 garbage-first heap   total 51200K, used 22635K [0x00000000a5200000, 0x0000000100000000)
  region size 1024K, 8 young (8192K), 3 survivors (3072K)
 Metaspace       used 33077K, committed 33600K, reserved 1114112K
  class space    used 4291K, committed 4544K, reserved 1048576K
GC Heap History (14 events):
Event: 13.018 GC heap before
{Heap before GC invocations=0 (full 0):
 garbage-first heap   total 96256K, used 14366K [0x00000000a5200000, 0x0000000100000000)
  region size 1024K, 13 young (13312K), 0 survivors (0K)
 Metaspace       used 4349K, committed 4480K, reserved 1114112K
  class space    used 454K, committed 512K, reserved 1048576K
}
Event: 13.027 GC heap after
{Heap after GC invocations=1 (full 0):
 garbage-first heap   total 96256K, used 5340K [0x00000000a5200000, 0x0000000100000000)
  region size 1024K, 2 young (2048K), 2 survivors (2048K)
 Metaspace       used 4349K, committed 4480K, reserved 1114112K
  class space    used 454K, committed 512K, reserved 1048576K
}
Event: 16.392 GC heap before
{Heap before GC invocations=1 (full 0):
 garbage-first heap   total 96256K, used 18652K [0x00000000a5200000, 0x0000000100000000)
  region size 1024K, 15 young (15360K), 2 survivors (2048K)
 Metaspace       used 8305K, committed 8640K, reserved 1114112K
  class space    used 994K, committed 1152K, reserved 1048576K
}
Event: 16.401 GC heap after
{Heap after GC invocations=2 (full 0):
 garbage-first heap   total 96256K, used 6694K [0x00000000a5200000, 0x0000000100000000)
  region size 1024K, 2 young (2048K), 2 survivors (2048K)
 Metaspace       used 8305K, committed 8640K, reserved 1114112K
  class space    used 994K, committed 1152K, reserved 1048576K
}
Event: 22.512 GC heap before
{Heap before GC invocations=2 (full 0):
 garbage-first heap   total 96256K, used 41510K [0x00000000a5200000, 0x0000000100000000)
  region size 1024K, 37 young (37888K), 2 survivors (2048K)
 Metaspace       used 17336K, committed 17536K, reserved 1114112K
  class space    used 2153K, committed 2240K, reserved 1048576K
}
Event: 22.521 GC heap after
{Heap after GC invocations=3 (full 0):
 garbage-first heap   total 96256K, used 9502K [0x00000000a5200000, 0x0000000100000000)
  region size 1024K, 4 young (4096K), 4 survivors (4096K)
 Metaspace       used 17336K, committed 17536K, reserved 1114112K
  class space    used 2153K, committed 2240K, reserved 1048576K
}
Event: 27.685 GC heap before
{Heap before GC invocations=3 (full 0):
 garbage-first heap   total 96256K, used 29982K [0x00000000a5200000, 0x0000000100000000)
  region size 1024K, 25 young (25600K), 4 survivors (4096K)
 Metaspace       used 21251K, committed 21504K, reserved 1114112K
  class space    used 2664K, committed 2816K, reserved 1048576K
}
Event: 27.694 GC heap after
{Heap after GC invocations=4 (full 0):
 garbage-first heap   total 96256K, used 12736K [0x00000000a5200000, 0x0000000100000000)
  region size 1024K, 6 young (6144K), 6 survivors (6144K)
 Metaspace       used 21251K, committed 21504K, reserved 1114112K
  class space    used 2664K, committed 2816K, reserved 1048576K
}
Event: 29.581 GC heap before
{Heap before GC invocations=5 (full 0):
 garbage-first heap   total 51200K, used 37312K [0x00000000a5200000, 0x0000000100000000)
  region size 1024K, 30 young (30720K), 6 survivors (6144K)
 Metaspace       used 23709K, committed 24000K, reserved 1114112K
  class space    used 2978K, committed 3136K, reserved 1048576K
}
Event: 29.591 GC heap after
{Heap after GC invocations=6 (full 0):
 garbage-first heap   total 51200K, used 13708K [0x00000000a5200000, 0x0000000100000000)
  region size 1024K, 3 young (3072K), 3 survivors (3072K)
 Metaspace       used 23709K, committed 24000K, reserved 1114112K
  class space    used 2978K, committed 3136K, reserved 1048576K
}
Event: 32.640 GC heap before
{Heap before GC invocations=6 (full 0):
 garbage-first heap   total 51200K, used 37260K [0x00000000a5200000, 0x0000000100000000)
  region size 1024K, 27 young (27648K), 3 survivors (3072K)
 Metaspace       used 27406K, committed 27840K, reserved 1114112K
  class space    used 3512K, committed 3712K, reserved 1048576K
}
Event: 32.655 GC heap after
{Heap after GC invocations=7 (full 0):
 garbage-first heap   total 51200K, used 16019K [0x00000000a5200000, 0x0000000100000000)
  region size 1024K, 3 young (3072K), 3 survivors (3072K)
 Metaspace       used 27406K, committed 27840K, reserved 1114112K
  class space    used 3512K, committed 3712K, reserved 1048576K
}
Event: 40.549 GC heap before
{Heap before GC invocations=7 (full 0):
 garbage-first heap   total 51200K, used 40595K [0x00000000a5200000, 0x0000000100000000)
  region size 1024K, 27 young (27648K), 3 survivors (3072K)
 Metaspace       used 32817K, committed 33344K, reserved 1114112K
  class space    used 4255K, committed 4480K, reserved 1048576K
}
Event: 40.557 GC heap after
{Heap after GC invocations=8 (full 0):
 garbage-first heap   total 51200K, used 18539K [0x00000000a5200000, 0x0000000100000000)
  region size 1024K, 3 young (3072K), 3 survivors (3072K)
 Metaspace       used 32817K, committed 33344K, reserved 1114112K
  class space    used 4255K, committed 4480K, reserved 1048576K
}

